  Ajedrez.cpp
C:\Users\miguelrodriguez\Desktop\CGIH\Ajedrez\configInicial\Ajedrez.cpp(237,24): warning C4244: 'inicializando': conversión de 'double' a 'GLfloat'; posible pérdida de datos
C:\Users\miguelrodriguez\Desktop\CGIH\Ajedrez\configInicial\Ajedrez.cpp(262,21): warning C4244: '=': conversión de 'double' a 'T'; posible pérdida de datos
C:\Users\miguelrodriguez\Desktop\CGIH\Ajedrez\configInicial\Ajedrez.cpp(262,21): warning C4244:         with
C:\Users\miguelrodriguez\Desktop\CGIH\Ajedrez\configInicial\Ajedrez.cpp(262,21): warning C4244:         [
C:\Users\miguelrodriguez\Desktop\CGIH\Ajedrez\configInicial\Ajedrez.cpp(262,21): warning C4244:             T=float
C:\Users\miguelrodriguez\Desktop\CGIH\Ajedrez\configInicial\Ajedrez.cpp(262,21): warning C4244:         ]
C:\Users\miguelrodriguez\Desktop\CGIH\Ajedrez\configInicial\Ajedrez.cpp(263,21): warning C4244: '=': conversión de 'double' a 'T'; posible pérdida de datos
C:\Users\miguelrodriguez\Desktop\CGIH\Ajedrez\configInicial\Ajedrez.cpp(263,21): warning C4244:         with
C:\Users\miguelrodriguez\Desktop\CGIH\Ajedrez\configInicial\Ajedrez.cpp(263,21): warning C4244:         [
C:\Users\miguelrodriguez\Desktop\CGIH\Ajedrez\configInicial\Ajedrez.cpp(263,21): warning C4244:             T=float
C:\Users\miguelrodriguez\Desktop\CGIH\Ajedrez\configInicial\Ajedrez.cpp(263,21): warning C4244:         ]
C:\Users\miguelrodriguez\Desktop\CGIH\Ajedrez\configInicial\Ajedrez.cpp(264,21): warning C4244: '=': conversión de 'double' a 'T'; posible pérdida de datos
C:\Users\miguelrodriguez\Desktop\CGIH\Ajedrez\configInicial\Ajedrez.cpp(264,21): warning C4244:         with
C:\Users\miguelrodriguez\Desktop\CGIH\Ajedrez\configInicial\Ajedrez.cpp(264,21): warning C4244:         [
C:\Users\miguelrodriguez\Desktop\CGIH\Ajedrez\configInicial\Ajedrez.cpp(264,21): warning C4244:             T=float
C:\Users\miguelrodriguez\Desktop\CGIH\Ajedrez\configInicial\Ajedrez.cpp(264,21): warning C4244:         ]
C:\Users\miguelrodriguez\Desktop\CGIH\Ajedrez\configInicial\Ajedrez.cpp(606,11): warning C4244: '=': conversión de 'double' a 'GLfloat'; posible pérdida de datos
C:\Users\miguelrodriguez\Desktop\CGIH\Ajedrez\configInicial\Ajedrez.cpp(607,11): warning C4244: '=': conversión de 'double' a 'GLfloat'; posible pérdida de datos
C:\Users\miguelrodriguez\Desktop\CGIH\Ajedrez\configInicial\Ajedrez.cpp(611,18): warning C4244: 'inicializando': conversión de 'double' a 'GLfloat'; posible pérdida de datos
C:\Users\miguelrodriguez\Desktop\CGIH\Ajedrez\configInicial\Ajedrez.cpp(612,18): warning C4244: 'inicializando': conversión de 'double' a 'GLfloat'; posible pérdida de datos
C:\Users\miguelrodriguez\Desktop\CGIH\Ajedrez\configInicial\Ajedrez.cpp(614,10): warning C4244: '=': conversión de 'double' a 'GLfloat'; posible pérdida de datos
C:\Users\miguelrodriguez\Desktop\CGIH\Ajedrez\configInicial\Ajedrez.cpp(615,10): warning C4244: '=': conversión de 'double' a 'GLfloat'; posible pérdida de datos
C:\Users\miguelrodriguez\Desktop\CGIH\Ajedrez\configInicial\Ajedrez.cpp(640,17): warning C4566: el carácter representado por el nombre de carácter universal '\uFFFD' no se puede representar en la página de códigos actual (1252)
C:\Users\miguelrodriguez\Desktop\CGIH\Ajedrez\configInicial\Ajedrez.cpp(660,16): warning C4566: el carácter representado por el nombre de carácter universal '\uFFFD' no se puede representar en la página de códigos actual (1252)
soil2-debug.lib(image_DXT.obj) : warning LNK4099: no se encontró PDB '' con 'soil2-debug.lib(image_DXT.obj)' o en ''; se vinculará el objeto sin tener en cuenta información de depuración
  configInicial.vcxproj -> C:\Users\miguelrodriguez\Desktop\CGIH\Ajedrez\Debug\configInicial.exe
